<?xml version="1.0" encoding="UTF-8"?>
<testng-results ignored="0" total="1" passed="1" failed="0" skipped="0">
  <reporter-output>
  </reporter-output>
  <suite started-at="2025-10-29T20:13:05 IST" name="Default suite" finished-at="2025-10-29T20:13:12 IST" duration-ms="6578">
    <groups>
    </groups>
    <test started-at="2025-10-29T20:13:05 IST" name="Default test" finished-at="2025-10-29T20:13:12 IST" duration-ms="6578">
      <class name="TestScripts.RegistrationScrips">
        <test-method is-config="true" signature="setup()[pri:0, instance:TestScripts.RegistrationScrips@5c671d7f]" started-at="2025-10-29T20:13:05 IST" name="setup" finished-at="2025-10-29T20:13:10 IST" duration-ms="4510" status="PASS">
          <reporter-output>
          </reporter-output>
        </test-method> <!-- setup -->
        <test-method signature="registration()[pri:0, instance:TestScripts.RegistrationScrips@5c671d7f]" started-at="2025-10-29T20:13:10 IST" name="registration" finished-at="2025-10-29T20:13:11 IST" duration-ms="1628" status="PASS">
          <reporter-output>
          </reporter-output>
        </test-method> <!-- registration -->
        <test-method is-config="true" signature="teardown()[pri:0, instance:TestScripts.RegistrationScrips@5c671d7f]" started-at="2025-10-29T20:13:11 IST" name="teardown" finished-at="2025-10-29T20:13:12 IST" duration-ms="383" status="PASS">
          <reporter-output>
          </reporter-output>
        </test-method> <!-- teardown -->
      </class> <!-- TestScripts.RegistrationScrips -->
    </test> <!-- Default test -->
  </suite> <!-- Default suite -->
</testng-results>
